[0.040s] Invoking command in '/home/roboticsinnovatorytim/isaac_tutorial/examples/sim/IsaacSim-ros_workspaces/humble_ws/build/carter_navigation': CMAKE_PREFIX_PATH=${CMAKE_PREFIX_PATH}:/home/roboticsinnovatorytim/isaac_tutorial/examples/sim/IsaacSim-ros_workspaces/humble_ws/install/turtlebot3_line_follower:/home/roboticsinnovatorytim/isaac_tutorial/examples/sim/IsaacSim-ros_workspaces/humble_ws/install/isaac_tutorials:/home/roboticsinnovatorytim/isaac_tutorial/examples/sim/IsaacSim-ros_workspaces/humble_ws/install/isaac_ros_navigation_goal:/opt/ros/humble /usr/bin/cmake /home/roboticsinnovatorytim/isaac_tutorial/examples/sim/IsaacSim-ros_workspaces/humble_ws/src/navigation/carter_navigation -DCMAKE_INSTALL_PREFIX=/home/roboticsinnovatorytim/isaac_tutorial/examples/sim/IsaacSim-ros_workspaces/humble_ws/install/carter_navigation
[0.795s] -- Found ament_cmake: 1.3.10 (/opt/ros/humble/share/ament_cmake/cmake)
[0.795s] -- Override CMake install command with custom implementation using symlinks instead of copying resources
[0.795s] -- Configuring done
[0.795s] -- Generating done
[0.796s] -- Build files have been written to: /home/roboticsinnovatorytim/isaac_tutorial/examples/sim/IsaacSim-ros_workspaces/humble_ws/build/carter_navigation
[0.807s] Invoked command in '/home/roboticsinnovatorytim/isaac_tutorial/examples/sim/IsaacSim-ros_workspaces/humble_ws/build/carter_navigation' returned '0': CMAKE_PREFIX_PATH=${CMAKE_PREFIX_PATH}:/home/roboticsinnovatorytim/isaac_tutorial/examples/sim/IsaacSim-ros_workspaces/humble_ws/install/turtlebot3_line_follower:/home/roboticsinnovatorytim/isaac_tutorial/examples/sim/IsaacSim-ros_workspaces/humble_ws/install/isaac_tutorials:/home/roboticsinnovatorytim/isaac_tutorial/examples/sim/IsaacSim-ros_workspaces/humble_ws/install/isaac_ros_navigation_goal:/opt/ros/humble /usr/bin/cmake /home/roboticsinnovatorytim/isaac_tutorial/examples/sim/IsaacSim-ros_workspaces/humble_ws/src/navigation/carter_navigation -DCMAKE_INSTALL_PREFIX=/home/roboticsinnovatorytim/isaac_tutorial/examples/sim/IsaacSim-ros_workspaces/humble_ws/install/carter_navigation
[0.808s] Invoking command in '/home/roboticsinnovatorytim/isaac_tutorial/examples/sim/IsaacSim-ros_workspaces/humble_ws/build/carter_navigation': CMAKE_PREFIX_PATH=${CMAKE_PREFIX_PATH}:/home/roboticsinnovatorytim/isaac_tutorial/examples/sim/IsaacSim-ros_workspaces/humble_ws/install/turtlebot3_line_follower:/home/roboticsinnovatorytim/isaac_tutorial/examples/sim/IsaacSim-ros_workspaces/humble_ws/install/isaac_tutorials:/home/roboticsinnovatorytim/isaac_tutorial/examples/sim/IsaacSim-ros_workspaces/humble_ws/install/isaac_ros_navigation_goal:/opt/ros/humble /usr/bin/cmake --build /home/roboticsinnovatorytim/isaac_tutorial/examples/sim/IsaacSim-ros_workspaces/humble_ws/build/carter_navigation -- -j16 -l16
[0.847s] Invoked command in '/home/roboticsinnovatorytim/isaac_tutorial/examples/sim/IsaacSim-ros_workspaces/humble_ws/build/carter_navigation' returned '0': CMAKE_PREFIX_PATH=${CMAKE_PREFIX_PATH}:/home/roboticsinnovatorytim/isaac_tutorial/examples/sim/IsaacSim-ros_workspaces/humble_ws/install/turtlebot3_line_follower:/home/roboticsinnovatorytim/isaac_tutorial/examples/sim/IsaacSim-ros_workspaces/humble_ws/install/isaac_tutorials:/home/roboticsinnovatorytim/isaac_tutorial/examples/sim/IsaacSim-ros_workspaces/humble_ws/install/isaac_ros_navigation_goal:/opt/ros/humble /usr/bin/cmake --build /home/roboticsinnovatorytim/isaac_tutorial/examples/sim/IsaacSim-ros_workspaces/humble_ws/build/carter_navigation -- -j16 -l16
[0.881s] Invoking command in '/home/roboticsinnovatorytim/isaac_tutorial/examples/sim/IsaacSim-ros_workspaces/humble_ws/build/carter_navigation': CMAKE_PREFIX_PATH=${CMAKE_PREFIX_PATH}:/home/roboticsinnovatorytim/isaac_tutorial/examples/sim/IsaacSim-ros_workspaces/humble_ws/install/turtlebot3_line_follower:/home/roboticsinnovatorytim/isaac_tutorial/examples/sim/IsaacSim-ros_workspaces/humble_ws/install/isaac_tutorials:/home/roboticsinnovatorytim/isaac_tutorial/examples/sim/IsaacSim-ros_workspaces/humble_ws/install/isaac_ros_navigation_goal:/opt/ros/humble /usr/bin/cmake --install /home/roboticsinnovatorytim/isaac_tutorial/examples/sim/IsaacSim-ros_workspaces/humble_ws/build/carter_navigation
[0.893s] -- Install configuration: ""
[0.893s] -- Execute custom install script
[0.893s] -- Up-to-date symlink: /home/roboticsinnovatorytim/isaac_tutorial/examples/sim/IsaacSim-ros_workspaces/humble_ws/install/carter_navigation/share/carter_navigation/launch/carter_navigation.launch.py
[0.893s] -- Up-to-date symlink: /home/roboticsinnovatorytim/isaac_tutorial/examples/sim/IsaacSim-ros_workspaces/humble_ws/install/carter_navigation/share/carter_navigation/launch/carter_navigation_individual.launch.py
[0.893s] -- Up-to-date symlink: /home/roboticsinnovatorytim/isaac_tutorial/examples/sim/IsaacSim-ros_workspaces/humble_ws/install/carter_navigation/share/carter_navigation/launch/carter_navigation_isaacsim.launch.py
[0.893s] -- Symlinking: /home/roboticsinnovatorytim/isaac_tutorial/examples/sim/IsaacSim-ros_workspaces/humble_ws/install/carter_navigation/share/carter_navigation/launch/homework.launch.py
[0.903s] -- Up-to-date symlink: /home/roboticsinnovatorytim/isaac_tutorial/examples/sim/IsaacSim-ros_workspaces/humble_ws/install/carter_navigation/share/carter_navigation/launch/multiple_robot_carter_navigation_hospital.launch.py
[0.903s] -- Up-to-date symlink: /home/roboticsinnovatorytim/isaac_tutorial/examples/sim/IsaacSim-ros_workspaces/humble_ws/install/carter_navigation/share/carter_navigation/launch/multiple_robot_carter_navigation_office.launch.py
[0.904s] -- Up-to-date symlink: /home/roboticsinnovatorytim/isaac_tutorial/examples/sim/IsaacSim-ros_workspaces/humble_ws/install/carter_navigation/share/carter_navigation/params/carter_navigation_params.yaml
[0.904s] -- Symlinking: /home/roboticsinnovatorytim/isaac_tutorial/examples/sim/IsaacSim-ros_workspaces/humble_ws/install/carter_navigation/share/carter_navigation/params/homework.yaml
[0.914s] -- Up-to-date symlink: /home/roboticsinnovatorytim/isaac_tutorial/examples/sim/IsaacSim-ros_workspaces/humble_ws/install/carter_navigation/share/carter_navigation/params/hospital/multi_robot_carter_navigation_params_1.yaml
[0.915s] -- Up-to-date symlink: /home/roboticsinnovatorytim/isaac_tutorial/examples/sim/IsaacSim-ros_workspaces/humble_ws/install/carter_navigation/share/carter_navigation/params/hospital/multi_robot_carter_navigation_params_2.yaml
[0.915s] -- Up-to-date symlink: /home/roboticsinnovatorytim/isaac_tutorial/examples/sim/IsaacSim-ros_workspaces/humble_ws/install/carter_navigation/share/carter_navigation/params/hospital/multi_robot_carter_navigation_params_3.yaml
[0.915s] -- Up-to-date symlink: /home/roboticsinnovatorytim/isaac_tutorial/examples/sim/IsaacSim-ros_workspaces/humble_ws/install/carter_navigation/share/carter_navigation/params/office/multi_robot_carter_navigation_params_1.yaml
[0.915s] -- Up-to-date symlink: /home/roboticsinnovatorytim/isaac_tutorial/examples/sim/IsaacSim-ros_workspaces/humble_ws/install/carter_navigation/share/carter_navigation/params/office/multi_robot_carter_navigation_params_2.yaml
[0.915s] -- Up-to-date symlink: /home/roboticsinnovatorytim/isaac_tutorial/examples/sim/IsaacSim-ros_workspaces/humble_ws/install/carter_navigation/share/carter_navigation/params/office/multi_robot_carter_navigation_params_3.yaml
[0.915s] -- Up-to-date symlink: /home/roboticsinnovatorytim/isaac_tutorial/examples/sim/IsaacSim-ros_workspaces/humble_ws/install/carter_navigation/share/carter_navigation/maps/carter_hospital_navigation.png
[0.916s] -- Up-to-date symlink: /home/roboticsinnovatorytim/isaac_tutorial/examples/sim/IsaacSim-ros_workspaces/humble_ws/install/carter_navigation/share/carter_navigation/maps/carter_hospital_navigation.yaml
[0.916s] -- Up-to-date symlink: /home/roboticsinnovatorytim/isaac_tutorial/examples/sim/IsaacSim-ros_workspaces/humble_ws/install/carter_navigation/share/carter_navigation/maps/carter_office_navigation.png
[0.916s] -- Up-to-date symlink: /home/roboticsinnovatorytim/isaac_tutorial/examples/sim/IsaacSim-ros_workspaces/humble_ws/install/carter_navigation/share/carter_navigation/maps/carter_office_navigation.yaml
[0.916s] -- Up-to-date symlink: /home/roboticsinnovatorytim/isaac_tutorial/examples/sim/IsaacSim-ros_workspaces/humble_ws/install/carter_navigation/share/carter_navigation/maps/carter_warehouse_navigation.png
[0.916s] -- Up-to-date symlink: /home/roboticsinnovatorytim/isaac_tutorial/examples/sim/IsaacSim-ros_workspaces/humble_ws/install/carter_navigation/share/carter_navigation/maps/carter_warehouse_navigation.yaml
[0.916s] -- Symlinking: /home/roboticsinnovatorytim/isaac_tutorial/examples/sim/IsaacSim-ros_workspaces/humble_ws/install/carter_navigation/share/carter_navigation/maps/homework.png
[0.927s] -- Symlinking: /home/roboticsinnovatorytim/isaac_tutorial/examples/sim/IsaacSim-ros_workspaces/humble_ws/install/carter_navigation/share/carter_navigation/maps/homework.yaml
[0.938s] -- Symlinking: /home/roboticsinnovatorytim/isaac_tutorial/examples/sim/IsaacSim-ros_workspaces/humble_ws/install/carter_navigation/share/carter_navigation/maps/tutorial.png
[0.947s] -- Symlinking: /home/roboticsinnovatorytim/isaac_tutorial/examples/sim/IsaacSim-ros_workspaces/humble_ws/install/carter_navigation/share/carter_navigation/maps/tutorial.yaml
[0.958s] -- Up-to-date symlink: /home/roboticsinnovatorytim/isaac_tutorial/examples/sim/IsaacSim-ros_workspaces/humble_ws/install/carter_navigation/share/carter_navigation/rviz2/carter_navigation.rviz
[0.958s] -- Up-to-date symlink: /home/roboticsinnovatorytim/isaac_tutorial/examples/sim/IsaacSim-ros_workspaces/humble_ws/install/carter_navigation/share/carter_navigation/rviz2/carter_navigation_namespaced.rviz
[0.958s] -- Up-to-date symlink: /home/roboticsinnovatorytim/isaac_tutorial/examples/sim/IsaacSim-ros_workspaces/humble_ws/install/carter_navigation/share/ament_index/resource_index/package_run_dependencies/carter_navigation
[0.959s] -- Up-to-date symlink: /home/roboticsinnovatorytim/isaac_tutorial/examples/sim/IsaacSim-ros_workspaces/humble_ws/install/carter_navigation/share/ament_index/resource_index/parent_prefix_path/carter_navigation
[0.959s] -- Up-to-date symlink: /home/roboticsinnovatorytim/isaac_tutorial/examples/sim/IsaacSim-ros_workspaces/humble_ws/install/carter_navigation/share/carter_navigation/environment/ament_prefix_path.sh
[0.959s] -- Up-to-date symlink: /home/roboticsinnovatorytim/isaac_tutorial/examples/sim/IsaacSim-ros_workspaces/humble_ws/install/carter_navigation/share/carter_navigation/environment/ament_prefix_path.dsv
[0.959s] -- Up-to-date symlink: /home/roboticsinnovatorytim/isaac_tutorial/examples/sim/IsaacSim-ros_workspaces/humble_ws/install/carter_navigation/share/carter_navigation/environment/path.sh
[0.961s] -- Up-to-date symlink: /home/roboticsinnovatorytim/isaac_tutorial/examples/sim/IsaacSim-ros_workspaces/humble_ws/install/carter_navigation/share/carter_navigation/environment/path.dsv
[0.961s] -- Up-to-date symlink: /home/roboticsinnovatorytim/isaac_tutorial/examples/sim/IsaacSim-ros_workspaces/humble_ws/install/carter_navigation/share/carter_navigation/local_setup.bash
[0.961s] -- Up-to-date symlink: /home/roboticsinnovatorytim/isaac_tutorial/examples/sim/IsaacSim-ros_workspaces/humble_ws/install/carter_navigation/share/carter_navigation/local_setup.sh
[0.961s] -- Up-to-date symlink: /home/roboticsinnovatorytim/isaac_tutorial/examples/sim/IsaacSim-ros_workspaces/humble_ws/install/carter_navigation/share/carter_navigation/local_setup.zsh
[0.962s] -- Up-to-date symlink: /home/roboticsinnovatorytim/isaac_tutorial/examples/sim/IsaacSim-ros_workspaces/humble_ws/install/carter_navigation/share/carter_navigation/local_setup.dsv
[0.962s] -- Symlinking: /home/roboticsinnovatorytim/isaac_tutorial/examples/sim/IsaacSim-ros_workspaces/humble_ws/install/carter_navigation/share/carter_navigation/package.dsv
[0.976s] -- Up-to-date symlink: /home/roboticsinnovatorytim/isaac_tutorial/examples/sim/IsaacSim-ros_workspaces/humble_ws/install/carter_navigation/share/ament_index/resource_index/packages/carter_navigation
[0.976s] -- Up-to-date symlink: /home/roboticsinnovatorytim/isaac_tutorial/examples/sim/IsaacSim-ros_workspaces/humble_ws/install/carter_navigation/share/carter_navigation/cmake/carter_navigationConfig.cmake
[0.976s] -- Up-to-date symlink: /home/roboticsinnovatorytim/isaac_tutorial/examples/sim/IsaacSim-ros_workspaces/humble_ws/install/carter_navigation/share/carter_navigation/cmake/carter_navigationConfig-version.cmake
[0.976s] -- Up-to-date symlink: /home/roboticsinnovatorytim/isaac_tutorial/examples/sim/IsaacSim-ros_workspaces/humble_ws/install/carter_navigation/share/carter_navigation/package.xml
[0.979s] Invoked command in '/home/roboticsinnovatorytim/isaac_tutorial/examples/sim/IsaacSim-ros_workspaces/humble_ws/build/carter_navigation' returned '0': CMAKE_PREFIX_PATH=${CMAKE_PREFIX_PATH}:/home/roboticsinnovatorytim/isaac_tutorial/examples/sim/IsaacSim-ros_workspaces/humble_ws/install/turtlebot3_line_follower:/home/roboticsinnovatorytim/isaac_tutorial/examples/sim/IsaacSim-ros_workspaces/humble_ws/install/isaac_tutorials:/home/roboticsinnovatorytim/isaac_tutorial/examples/sim/IsaacSim-ros_workspaces/humble_ws/install/isaac_ros_navigation_goal:/opt/ros/humble /usr/bin/cmake --install /home/roboticsinnovatorytim/isaac_tutorial/examples/sim/IsaacSim-ros_workspaces/humble_ws/build/carter_navigation
