[1.222s] Invoking command in '/home/roboticsinnovatorytim/isaac_tutorial/examples/sim/IsaacSim-ros_workspaces/humble_ws/build/isaac_tutorials': PYTHONPATH=/home/roboticsinnovatorytim/isaac_tutorial/examples/sim/IsaacSim-ros_workspaces/humble_ws/build/isaac_tutorials/prefix_override:/usr/lib/python3/dist-packages/colcon_core/task/python/colcon_distutils_commands:/home/roboticsinnovatorytim/isaac_tutorial/examples/sim/IsaacSim-ros_workspaces/humble_ws/install/isaac_tutorials/lib/python3.10/site-packages:${PYTHONPATH} /usr/bin/python3 -W ignore:setup.py install is deprecated setup.py develop --editable --build-directory /home/roboticsinnovatorytim/isaac_tutorial/examples/sim/IsaacSim-ros_workspaces/humble_ws/build/isaac_tutorials/build --no-deps symlink_data
[1.576s] running develop
[1.804s] running egg_info
[1.805s] creating isaac_tutorials.egg-info
[1.805s] writing isaac_tutorials.egg-info/PKG-INFO
[1.805s] writing dependency_links to isaac_tutorials.egg-info/dependency_links.txt
[1.805s] writing entry points to isaac_tutorials.egg-info/entry_points.txt
[1.805s] writing requirements to isaac_tutorials.egg-info/requires.txt
[1.805s] writing top-level names to isaac_tutorials.egg-info/top_level.txt
[1.805s] writing manifest file 'isaac_tutorials.egg-info/SOURCES.txt'
[1.807s] reading manifest file 'isaac_tutorials.egg-info/SOURCES.txt'
[1.807s] writing manifest file 'isaac_tutorials.egg-info/SOURCES.txt'
[1.809s] running build_ext
[1.809s] Creating /home/roboticsinnovatorytim/isaac_tutorial/examples/sim/IsaacSim-ros_workspaces/humble_ws/install/isaac_tutorials/lib/python3.10/site-packages/isaac-tutorials.egg-link (link to .)
[1.809s] Installing pymoveit_example script to /home/roboticsinnovatorytim/isaac_tutorial/examples/sim/IsaacSim-ros_workspaces/humble_ws/install/isaac_tutorials/lib/isaac_tutorials
[1.810s] Installing ros2_ackermann_publisher script to /home/roboticsinnovatorytim/isaac_tutorial/examples/sim/IsaacSim-ros_workspaces/humble_ws/install/isaac_tutorials/lib/isaac_tutorials
[1.810s] Installing ros2_publisher script to /home/roboticsinnovatorytim/isaac_tutorial/examples/sim/IsaacSim-ros_workspaces/humble_ws/install/isaac_tutorials/lib/isaac_tutorials
[1.810s] 
[1.810s] Installed /home/roboticsinnovatorytim/isaac_tutorial/examples/sim/IsaacSim-ros_workspaces/humble_ws/build/isaac_tutorials
[1.810s] running symlink_data
[1.810s] creating /home/roboticsinnovatorytim/isaac_tutorial/examples/sim/IsaacSim-ros_workspaces/humble_ws/install/isaac_tutorials/share/ament_index
[1.810s] creating /home/roboticsinnovatorytim/isaac_tutorial/examples/sim/IsaacSim-ros_workspaces/humble_ws/install/isaac_tutorials/share/ament_index/resource_index
[1.810s] creating /home/roboticsinnovatorytim/isaac_tutorial/examples/sim/IsaacSim-ros_workspaces/humble_ws/install/isaac_tutorials/share/ament_index/resource_index/packages
[1.810s] symbolically linking /home/roboticsinnovatorytim/isaac_tutorial/examples/sim/IsaacSim-ros_workspaces/humble_ws/build/isaac_tutorials/resource/isaac_tutorials -> /home/roboticsinnovatorytim/isaac_tutorial/examples/sim/IsaacSim-ros_workspaces/humble_ws/install/isaac_tutorials/share/ament_index/resource_index/packages
[1.811s] symbolically linking /home/roboticsinnovatorytim/isaac_tutorial/examples/sim/IsaacSim-ros_workspaces/humble_ws/build/isaac_tutorials/package.xml -> /home/roboticsinnovatorytim/isaac_tutorial/examples/sim/IsaacSim-ros_workspaces/humble_ws/install/isaac_tutorials/share/isaac_tutorials
[1.811s] creating /home/roboticsinnovatorytim/isaac_tutorial/examples/sim/IsaacSim-ros_workspaces/humble_ws/install/isaac_tutorials/share/isaac_tutorials/launch
[1.811s] creating /home/roboticsinnovatorytim/isaac_tutorial/examples/sim/IsaacSim-ros_workspaces/humble_ws/install/isaac_tutorials/share/isaac_tutorials/assets
[1.846s] Invoked command in '/home/roboticsinnovatorytim/isaac_tutorial/examples/sim/IsaacSim-ros_workspaces/humble_ws/build/isaac_tutorials' returned '0': PYTHONPATH=/home/roboticsinnovatorytim/isaac_tutorial/examples/sim/IsaacSim-ros_workspaces/humble_ws/build/isaac_tutorials/prefix_override:/usr/lib/python3/dist-packages/colcon_core/task/python/colcon_distutils_commands:/home/roboticsinnovatorytim/isaac_tutorial/examples/sim/IsaacSim-ros_workspaces/humble_ws/install/isaac_tutorials/lib/python3.10/site-packages:${PYTHONPATH} /usr/bin/python3 -W ignore:setup.py install is deprecated setup.py develop --editable --build-directory /home/roboticsinnovatorytim/isaac_tutorial/examples/sim/IsaacSim-ros_workspaces/humble_ws/build/isaac_tutorials/build --no-deps symlink_data
