[1.291s] Invoking command in '/home/roboticsinnovatorytim/isaac_tutorial/examples/sim/IsaacSim-ros_workspaces/humble_ws/src/isaac_tutorials': PYTHONPATH=/home/roboticsinnovatorytim/isaac_tutorial/examples/sim/IsaacSim-ros_workspaces/humble_ws/build/isaac_tutorials/prefix_override:/usr/lib/python3/dist-packages/colcon_core/task/python/colcon_distutils_commands:/home/roboticsinnovatorytim/isaac_tutorial/examples/sim/IsaacSim-ros_workspaces/humble_ws/install/isaac_tutorials/lib/python3.10/site-packages:${PYTHONPATH} /usr/bin/python3 -W ignore:setup.py install is deprecated setup.py egg_info --egg-base ../../build/isaac_tutorials build --build-base /home/roboticsinnovatorytim/isaac_tutorial/examples/sim/IsaacSim-ros_workspaces/humble_ws/build/isaac_tutorials/build install --record /home/roboticsinnovatorytim/isaac_tutorial/examples/sim/IsaacSim-ros_workspaces/humble_ws/build/isaac_tutorials/install.log --single-version-externally-managed install_data
[1.497s] running egg_info
[1.497s] writing ../../build/isaac_tutorials/isaac_tutorials.egg-info/PKG-INFO
[1.497s] writing dependency_links to ../../build/isaac_tutorials/isaac_tutorials.egg-info/dependency_links.txt
[1.498s] writing entry points to ../../build/isaac_tutorials/isaac_tutorials.egg-info/entry_points.txt
[1.498s] writing requirements to ../../build/isaac_tutorials/isaac_tutorials.egg-info/requires.txt
[1.498s] writing top-level names to ../../build/isaac_tutorials/isaac_tutorials.egg-info/top_level.txt
[1.499s] reading manifest file '../../build/isaac_tutorials/isaac_tutorials.egg-info/SOURCES.txt'
[1.500s] writing manifest file '../../build/isaac_tutorials/isaac_tutorials.egg-info/SOURCES.txt'
[1.500s] running build
[1.500s] running build_py
[1.500s] running install
[1.500s] running install_lib
[1.501s] running install_data
[1.501s] running install_egg_info
[1.503s] removing '/home/roboticsinnovatorytim/isaac_tutorial/examples/sim/IsaacSim-ros_workspaces/humble_ws/install/isaac_tutorials/lib/python3.10/site-packages/isaac_tutorials-0.1.0-py3.10.egg-info' (and everything under it)
[1.503s] Copying ../../build/isaac_tutorials/isaac_tutorials.egg-info to /home/roboticsinnovatorytim/isaac_tutorial/examples/sim/IsaacSim-ros_workspaces/humble_ws/install/isaac_tutorials/lib/python3.10/site-packages/isaac_tutorials-0.1.0-py3.10.egg-info
[1.504s] running install_scripts
[1.520s] Installing pymoveit_example script to /home/roboticsinnovatorytim/isaac_tutorial/examples/sim/IsaacSim-ros_workspaces/humble_ws/install/isaac_tutorials/lib/isaac_tutorials
[1.520s] Installing ros2_ackermann_publisher script to /home/roboticsinnovatorytim/isaac_tutorial/examples/sim/IsaacSim-ros_workspaces/humble_ws/install/isaac_tutorials/lib/isaac_tutorials
[1.520s] Installing ros2_publisher script to /home/roboticsinnovatorytim/isaac_tutorial/examples/sim/IsaacSim-ros_workspaces/humble_ws/install/isaac_tutorials/lib/isaac_tutorials
[1.520s] writing list of installed files to '/home/roboticsinnovatorytim/isaac_tutorial/examples/sim/IsaacSim-ros_workspaces/humble_ws/build/isaac_tutorials/install.log'
[1.542s] Invoked command in '/home/roboticsinnovatorytim/isaac_tutorial/examples/sim/IsaacSim-ros_workspaces/humble_ws/src/isaac_tutorials' returned '0': PYTHONPATH=/home/roboticsinnovatorytim/isaac_tutorial/examples/sim/IsaacSim-ros_workspaces/humble_ws/build/isaac_tutorials/prefix_override:/usr/lib/python3/dist-packages/colcon_core/task/python/colcon_distutils_commands:/home/roboticsinnovatorytim/isaac_tutorial/examples/sim/IsaacSim-ros_workspaces/humble_ws/install/isaac_tutorials/lib/python3.10/site-packages:${PYTHONPATH} /usr/bin/python3 -W ignore:setup.py install is deprecated setup.py egg_info --egg-base ../../build/isaac_tutorials build --build-base /home/roboticsinnovatorytim/isaac_tutorial/examples/sim/IsaacSim-ros_workspaces/humble_ws/build/isaac_tutorials/build install --record /home/roboticsinnovatorytim/isaac_tutorial/examples/sim/IsaacSim-ros_workspaces/humble_ws/build/isaac_tutorials/install.log --single-version-externally-managed install_data
