[1.302s] Invoking command in '/home/roboticsinnovatorytim/isaac_tutorial/examples/sim/IsaacSim-ros_workspaces/humble_ws/build/isaac_tutorials': PYTHONPATH=/home/roboticsinnovatorytim/isaac_tutorial/examples/sim/IsaacSim-ros_workspaces/humble_ws/build/isaac_tutorials/prefix_override:/usr/lib/python3/dist-packages/colcon_core/task/python/colcon_distutils_commands:/home/roboticsinnovatorytim/isaac_tutorial/examples/sim/IsaacSim-ros_workspaces/humble_ws/install/isaac_tutorials/lib/python3.10/site-packages:${PYTHONPATH} /usr/bin/python3 -W ignore:setup.py install is deprecated setup.py develop --uninstall --editable --build-directory /home/roboticsinnovatorytim/isaac_tutorial/examples/sim/IsaacSim-ros_workspaces/humble_ws/build/isaac_tutorials/build
[1.571s] running develop
[1.728s] Removing /home/roboticsinnovatorytim/isaac_tutorial/examples/sim/IsaacSim-ros_workspaces/humble_ws/install/isaac_tutorials/lib/python3.10/site-packages/isaac-tutorials.egg-link (link to .)
[1.768s] Invoked command in '/home/roboticsinnovatorytim/isaac_tutorial/examples/sim/IsaacSim-ros_workspaces/humble_ws/build/isaac_tutorials' returned '0': PYTHONPATH=/home/roboticsinnovatorytim/isaac_tutorial/examples/sim/IsaacSim-ros_workspaces/humble_ws/build/isaac_tutorials/prefix_override:/usr/lib/python3/dist-packages/colcon_core/task/python/colcon_distutils_commands:/home/roboticsinnovatorytim/isaac_tutorial/examples/sim/IsaacSim-ros_workspaces/humble_ws/install/isaac_tutorials/lib/python3.10/site-packages:${PYTHONPATH} /usr/bin/python3 -W ignore:setup.py install is deprecated setup.py develop --uninstall --editable --build-directory /home/roboticsinnovatorytim/isaac_tutorial/examples/sim/IsaacSim-ros_workspaces/humble_ws/build/isaac_tutorials/build
[1.770s] Invoking command in '/home/roboticsinnovatorytim/isaac_tutorial/examples/sim/IsaacSim-ros_workspaces/humble_ws/src/isaac_tutorials': PYTHONPATH=/home/roboticsinnovatorytim/isaac_tutorial/examples/sim/IsaacSim-ros_workspaces/humble_ws/build/isaac_tutorials/prefix_override:/usr/lib/python3/dist-packages/colcon_core/task/python/colcon_distutils_commands:/home/roboticsinnovatorytim/isaac_tutorial/examples/sim/IsaacSim-ros_workspaces/humble_ws/install/isaac_tutorials/lib/python3.10/site-packages:${PYTHONPATH} /usr/bin/python3 -W ignore:setup.py install is deprecated setup.py egg_info --egg-base ../../build/isaac_tutorials build --build-base /home/roboticsinnovatorytim/isaac_tutorial/examples/sim/IsaacSim-ros_workspaces/humble_ws/build/isaac_tutorials/build install --record /home/roboticsinnovatorytim/isaac_tutorial/examples/sim/IsaacSim-ros_workspaces/humble_ws/build/isaac_tutorials/install.log --single-version-externally-managed install_data --force
[1.990s] running egg_info
[1.991s] writing ../../build/isaac_tutorials/isaac_tutorials.egg-info/PKG-INFO
[1.991s] writing dependency_links to ../../build/isaac_tutorials/isaac_tutorials.egg-info/dependency_links.txt
[1.991s] writing entry points to ../../build/isaac_tutorials/isaac_tutorials.egg-info/entry_points.txt
[1.991s] writing requirements to ../../build/isaac_tutorials/isaac_tutorials.egg-info/requires.txt
[1.991s] writing top-level names to ../../build/isaac_tutorials/isaac_tutorials.egg-info/top_level.txt
[1.993s] reading manifest file '../../build/isaac_tutorials/isaac_tutorials.egg-info/SOURCES.txt'
[1.993s] writing manifest file '../../build/isaac_tutorials/isaac_tutorials.egg-info/SOURCES.txt'
[1.993s] running build
[1.993s] running build_py
[1.993s] creating /home/roboticsinnovatorytim/isaac_tutorial/examples/sim/IsaacSim-ros_workspaces/humble_ws/build/isaac_tutorials/build
[1.994s] creating /home/roboticsinnovatorytim/isaac_tutorial/examples/sim/IsaacSim-ros_workspaces/humble_ws/build/isaac_tutorials/build/lib
[1.994s] creating /home/roboticsinnovatorytim/isaac_tutorial/examples/sim/IsaacSim-ros_workspaces/humble_ws/build/isaac_tutorials/build/lib/scripts
[1.994s] copying scripts/ros2_ackermann_publisher.py -> /home/roboticsinnovatorytim/isaac_tutorial/examples/sim/IsaacSim-ros_workspaces/humble_ws/build/isaac_tutorials/build/lib/scripts
[1.994s] copying scripts/pymoveit_example.py -> /home/roboticsinnovatorytim/isaac_tutorial/examples/sim/IsaacSim-ros_workspaces/humble_ws/build/isaac_tutorials/build/lib/scripts
[1.994s] copying scripts/ros2_publisher.py -> /home/roboticsinnovatorytim/isaac_tutorial/examples/sim/IsaacSim-ros_workspaces/humble_ws/build/isaac_tutorials/build/lib/scripts
[1.994s] copying scripts/__init__.py -> /home/roboticsinnovatorytim/isaac_tutorial/examples/sim/IsaacSim-ros_workspaces/humble_ws/build/isaac_tutorials/build/lib/scripts
[1.994s] running install
[1.994s] running install_lib
[1.995s] creating /home/roboticsinnovatorytim/isaac_tutorial/examples/sim/IsaacSim-ros_workspaces/humble_ws/install/isaac_tutorials/lib/python3.10/site-packages/scripts
[1.995s] copying /home/roboticsinnovatorytim/isaac_tutorial/examples/sim/IsaacSim-ros_workspaces/humble_ws/build/isaac_tutorials/build/lib/scripts/ros2_ackermann_publisher.py -> /home/roboticsinnovatorytim/isaac_tutorial/examples/sim/IsaacSim-ros_workspaces/humble_ws/install/isaac_tutorials/lib/python3.10/site-packages/scripts
[1.995s] copying /home/roboticsinnovatorytim/isaac_tutorial/examples/sim/IsaacSim-ros_workspaces/humble_ws/build/isaac_tutorials/build/lib/scripts/pymoveit_example.py -> /home/roboticsinnovatorytim/isaac_tutorial/examples/sim/IsaacSim-ros_workspaces/humble_ws/install/isaac_tutorials/lib/python3.10/site-packages/scripts
[1.995s] copying /home/roboticsinnovatorytim/isaac_tutorial/examples/sim/IsaacSim-ros_workspaces/humble_ws/build/isaac_tutorials/build/lib/scripts/ros2_publisher.py -> /home/roboticsinnovatorytim/isaac_tutorial/examples/sim/IsaacSim-ros_workspaces/humble_ws/install/isaac_tutorials/lib/python3.10/site-packages/scripts
[1.995s] copying /home/roboticsinnovatorytim/isaac_tutorial/examples/sim/IsaacSim-ros_workspaces/humble_ws/build/isaac_tutorials/build/lib/scripts/__init__.py -> /home/roboticsinnovatorytim/isaac_tutorial/examples/sim/IsaacSim-ros_workspaces/humble_ws/install/isaac_tutorials/lib/python3.10/site-packages/scripts
[1.995s] byte-compiling /home/roboticsinnovatorytim/isaac_tutorial/examples/sim/IsaacSim-ros_workspaces/humble_ws/install/isaac_tutorials/lib/python3.10/site-packages/scripts/ros2_ackermann_publisher.py to ros2_ackermann_publisher.cpython-310.pyc
[1.996s] byte-compiling /home/roboticsinnovatorytim/isaac_tutorial/examples/sim/IsaacSim-ros_workspaces/humble_ws/install/isaac_tutorials/lib/python3.10/site-packages/scripts/pymoveit_example.py to pymoveit_example.cpython-310.pyc
[1.996s] byte-compiling /home/roboticsinnovatorytim/isaac_tutorial/examples/sim/IsaacSim-ros_workspaces/humble_ws/install/isaac_tutorials/lib/python3.10/site-packages/scripts/ros2_publisher.py to ros2_publisher.cpython-310.pyc
[1.997s] byte-compiling /home/roboticsinnovatorytim/isaac_tutorial/examples/sim/IsaacSim-ros_workspaces/humble_ws/install/isaac_tutorials/lib/python3.10/site-packages/scripts/__init__.py to __init__.cpython-310.pyc
[1.997s] running install_data
[1.997s] copying resource/isaac_tutorials -> /home/roboticsinnovatorytim/isaac_tutorial/examples/sim/IsaacSim-ros_workspaces/humble_ws/install/isaac_tutorials/share/ament_index/resource_index/packages
[1.997s] copying package.xml -> /home/roboticsinnovatorytim/isaac_tutorial/examples/sim/IsaacSim-ros_workspaces/humble_ws/install/isaac_tutorials/share/isaac_tutorials
[1.997s] running install_egg_info
[1.998s] Copying ../../build/isaac_tutorials/isaac_tutorials.egg-info to /home/roboticsinnovatorytim/isaac_tutorial/examples/sim/IsaacSim-ros_workspaces/humble_ws/install/isaac_tutorials/lib/python3.10/site-packages/isaac_tutorials-0.1.0-py3.10.egg-info
[1.999s] running install_scripts
[2.017s] Installing pymoveit_example script to /home/roboticsinnovatorytim/isaac_tutorial/examples/sim/IsaacSim-ros_workspaces/humble_ws/install/isaac_tutorials/lib/isaac_tutorials
[2.017s] Installing ros2_ackermann_publisher script to /home/roboticsinnovatorytim/isaac_tutorial/examples/sim/IsaacSim-ros_workspaces/humble_ws/install/isaac_tutorials/lib/isaac_tutorials
[2.017s] Installing ros2_publisher script to /home/roboticsinnovatorytim/isaac_tutorial/examples/sim/IsaacSim-ros_workspaces/humble_ws/install/isaac_tutorials/lib/isaac_tutorials
[2.017s] writing list of installed files to '/home/roboticsinnovatorytim/isaac_tutorial/examples/sim/IsaacSim-ros_workspaces/humble_ws/build/isaac_tutorials/install.log'
[2.042s] Invoked command in '/home/roboticsinnovatorytim/isaac_tutorial/examples/sim/IsaacSim-ros_workspaces/humble_ws/src/isaac_tutorials' returned '0': PYTHONPATH=/home/roboticsinnovatorytim/isaac_tutorial/examples/sim/IsaacSim-ros_workspaces/humble_ws/build/isaac_tutorials/prefix_override:/usr/lib/python3/dist-packages/colcon_core/task/python/colcon_distutils_commands:/home/roboticsinnovatorytim/isaac_tutorial/examples/sim/IsaacSim-ros_workspaces/humble_ws/install/isaac_tutorials/lib/python3.10/site-packages:${PYTHONPATH} /usr/bin/python3 -W ignore:setup.py install is deprecated setup.py egg_info --egg-base ../../build/isaac_tutorials build --build-base /home/roboticsinnovatorytim/isaac_tutorial/examples/sim/IsaacSim-ros_workspaces/humble_ws/build/isaac_tutorials/build install --record /home/roboticsinnovatorytim/isaac_tutorial/examples/sim/IsaacSim-ros_workspaces/humble_ws/build/isaac_tutorials/install.log --single-version-externally-managed install_data --force
