/home/roboticsinnovatorytim/isaac_tutorial/examples/sim/IsaacSim-ros_workspaces/humble_ws/install/isaac_tutorials/lib/python3.10/site-packages/scripts/ros2_ackermann_publisher.py
/home/roboticsinnovatorytim/isaac_tutorial/examples/sim/IsaacSim-ros_workspaces/humble_ws/install/isaac_tutorials/lib/python3.10/site-packages/scripts/pymoveit_example.py
/home/roboticsinnovatorytim/isaac_tutorial/examples/sim/IsaacSim-ros_workspaces/humble_ws/install/isaac_tutorials/lib/python3.10/site-packages/scripts/ros2_publisher.py
/home/roboticsinnovatorytim/isaac_tutorial/examples/sim/IsaacSim-ros_workspaces/humble_ws/install/isaac_tutorials/lib/python3.10/site-packages/scripts/__init__.py
/home/roboticsinnovatorytim/isaac_tutorial/examples/sim/IsaacSim-ros_workspaces/humble_ws/install/isaac_tutorials/lib/python3.10/site-packages/scripts/__pycache__/ros2_ackermann_publisher.cpython-310.pyc
/home/roboticsinnovatorytim/isaac_tutorial/examples/sim/IsaacSim-ros_workspaces/humble_ws/install/isaac_tutorials/lib/python3.10/site-packages/scripts/__pycache__/pymoveit_example.cpython-310.pyc
/home/roboticsinnovatorytim/isaac_tutorial/examples/sim/IsaacSim-ros_workspaces/humble_ws/install/isaac_tutorials/lib/python3.10/site-packages/scripts/__pycache__/ros2_publisher.cpython-310.pyc
/home/roboticsinnovatorytim/isaac_tutorial/examples/sim/IsaacSim-ros_workspaces/humble_ws/install/isaac_tutorials/lib/python3.10/site-packages/scripts/__pycache__/__init__.cpython-310.pyc
/home/roboticsinnovatorytim/isaac_tutorial/examples/sim/IsaacSim-ros_workspaces/humble_ws/install/isaac_tutorials/share/ament_index/resource_index/packages/isaac_tutorials
/home/roboticsinnovatorytim/isaac_tutorial/examples/sim/IsaacSim-ros_workspaces/humble_ws/install/isaac_tutorials/share/isaac_tutorials/package.xml
/home/roboticsinnovatorytim/isaac_tutorial/examples/sim/IsaacSim-ros_workspaces/humble_ws/install/isaac_tutorials/share/isaac_tutorials/launch
/home/roboticsinnovatorytim/isaac_tutorial/examples/sim/IsaacSim-ros_workspaces/humble_ws/install/isaac_tutorials/share/isaac_tutorials/assets
/home/roboticsinnovatorytim/isaac_tutorial/examples/sim/IsaacSim-ros_workspaces/humble_ws/install/isaac_tutorials/lib/python3.10/site-packages/isaac_tutorials-0.1.0-py3.10.egg-info/dependency_links.txt
/home/roboticsinnovatorytim/isaac_tutorial/examples/sim/IsaacSim-ros_workspaces/humble_ws/install/isaac_tutorials/lib/python3.10/site-packages/isaac_tutorials-0.1.0-py3.10.egg-info/PKG-INFO
/home/roboticsinnovatorytim/isaac_tutorial/examples/sim/IsaacSim-ros_workspaces/humble_ws/install/isaac_tutorials/lib/python3.10/site-packages/isaac_tutorials-0.1.0-py3.10.egg-info/SOURCES.txt
/home/roboticsinnovatorytim/isaac_tutorial/examples/sim/IsaacSim-ros_workspaces/humble_ws/install/isaac_tutorials/lib/python3.10/site-packages/isaac_tutorials-0.1.0-py3.10.egg-info/entry_points.txt
/home/roboticsinnovatorytim/isaac_tutorial/examples/sim/IsaacSim-ros_workspaces/humble_ws/install/isaac_tutorials/lib/python3.10/site-packages/isaac_tutorials-0.1.0-py3.10.egg-info/requires.txt
/home/roboticsinnovatorytim/isaac_tutorial/examples/sim/IsaacSim-ros_workspaces/humble_ws/install/isaac_tutorials/lib/python3.10/site-packages/isaac_tutorials-0.1.0-py3.10.egg-info/zip-safe
/home/roboticsinnovatorytim/isaac_tutorial/examples/sim/IsaacSim-ros_workspaces/humble_ws/install/isaac_tutorials/lib/python3.10/site-packages/isaac_tutorials-0.1.0-py3.10.egg-info/top_level.txt
/home/roboticsinnovatorytim/isaac_tutorial/examples/sim/IsaacSim-ros_workspaces/humble_ws/install/isaac_tutorials/lib/isaac_tutorials/pymoveit_example
/home/roboticsinnovatorytim/isaac_tutorial/examples/sim/IsaacSim-ros_workspaces/humble_ws/install/isaac_tutorials/lib/isaac_tutorials/ros2_ackermann_publisher
/home/roboticsinnovatorytim/isaac_tutorial/examples/sim/IsaacSim-ros_workspaces/humble_ws/install/isaac_tutorials/lib/isaac_tutorials/ros2_publisher
