[1.227s] Invoking command in '/home/roboticsinnovatorytim/isaac_tutorial/examples/sim/IsaacSim-ros_workspaces/humble_ws/src/navigation/isaac_ros_navigation_goal': PYTHONPATH=/home/roboticsinnovatorytim/isaac_tutorial/examples/sim/IsaacSim-ros_workspaces/humble_ws/build/isaac_ros_navigation_goal/prefix_override:/usr/lib/python3/dist-packages/colcon_core/task/python/colcon_distutils_commands:/home/roboticsinnovatorytim/isaac_tutorial/examples/sim/IsaacSim-ros_workspaces/humble_ws/install/isaac_ros_navigation_goal/lib/python3.10/site-packages:${PYTHONPATH} /usr/bin/python3 -W ignore:setup.py install is deprecated setup.py egg_info --egg-base ../../../build/isaac_ros_navigation_goal build --build-base /home/roboticsinnovatorytim/isaac_tutorial/examples/sim/IsaacSim-ros_workspaces/humble_ws/build/isaac_ros_navigation_goal/build install --record /home/roboticsinnovatorytim/isaac_tutorial/examples/sim/IsaacSim-ros_workspaces/humble_ws/build/isaac_ros_navigation_goal/install.log --single-version-externally-managed install_data
[1.430s] running egg_info
[1.431s] writing ../../../build/isaac_ros_navigation_goal/isaac_ros_navigation_goal.egg-info/PKG-INFO
[1.431s] writing dependency_links to ../../../build/isaac_ros_navigation_goal/isaac_ros_navigation_goal.egg-info/dependency_links.txt
[1.431s] writing entry points to ../../../build/isaac_ros_navigation_goal/isaac_ros_navigation_goal.egg-info/entry_points.txt
[1.431s] writing requirements to ../../../build/isaac_ros_navigation_goal/isaac_ros_navigation_goal.egg-info/requires.txt
[1.431s] writing top-level names to ../../../build/isaac_ros_navigation_goal/isaac_ros_navigation_goal.egg-info/top_level.txt
[1.432s] reading manifest file '../../../build/isaac_ros_navigation_goal/isaac_ros_navigation_goal.egg-info/SOURCES.txt'
[1.433s] writing manifest file '../../../build/isaac_ros_navigation_goal/isaac_ros_navigation_goal.egg-info/SOURCES.txt'
[1.433s] running build
[1.433s] running build_py
[1.434s] running install
[1.434s] running install_lib
[1.435s] running install_data
[1.435s] running install_egg_info
[1.436s] removing '/home/roboticsinnovatorytim/isaac_tutorial/examples/sim/IsaacSim-ros_workspaces/humble_ws/install/isaac_ros_navigation_goal/lib/python3.10/site-packages/isaac_ros_navigation_goal-0.0.1-py3.10.egg-info' (and everything under it)
[1.437s] Copying ../../../build/isaac_ros_navigation_goal/isaac_ros_navigation_goal.egg-info to /home/roboticsinnovatorytim/isaac_tutorial/examples/sim/IsaacSim-ros_workspaces/humble_ws/install/isaac_ros_navigation_goal/lib/python3.10/site-packages/isaac_ros_navigation_goal-0.0.1-py3.10.egg-info
[1.438s] running install_scripts
[1.453s] Installing SetNavigationGoal script to /home/roboticsinnovatorytim/isaac_tutorial/examples/sim/IsaacSim-ros_workspaces/humble_ws/install/isaac_ros_navigation_goal/lib/isaac_ros_navigation_goal
[1.453s] writing list of installed files to '/home/roboticsinnovatorytim/isaac_tutorial/examples/sim/IsaacSim-ros_workspaces/humble_ws/build/isaac_ros_navigation_goal/install.log'
[1.473s] Invoked command in '/home/roboticsinnovatorytim/isaac_tutorial/examples/sim/IsaacSim-ros_workspaces/humble_ws/src/navigation/isaac_ros_navigation_goal' returned '0': PYTHONPATH=/home/roboticsinnovatorytim/isaac_tutorial/examples/sim/IsaacSim-ros_workspaces/humble_ws/build/isaac_ros_navigation_goal/prefix_override:/usr/lib/python3/dist-packages/colcon_core/task/python/colcon_distutils_commands:/home/roboticsinnovatorytim/isaac_tutorial/examples/sim/IsaacSim-ros_workspaces/humble_ws/install/isaac_ros_navigation_goal/lib/python3.10/site-packages:${PYTHONPATH} /usr/bin/python3 -W ignore:setup.py install is deprecated setup.py egg_info --egg-base ../../../build/isaac_ros_navigation_goal build --build-base /home/roboticsinnovatorytim/isaac_tutorial/examples/sim/IsaacSim-ros_workspaces/humble_ws/build/isaac_ros_navigation_goal/build install --record /home/roboticsinnovatorytim/isaac_tutorial/examples/sim/IsaacSim-ros_workspaces/humble_ws/build/isaac_ros_navigation_goal/install.log --single-version-externally-managed install_data
