[1.027s] Invoking command in '/home/roboticsinnovatorytim/isaac_tutorial/examples/sim/IsaacSim-ros_workspaces/humble_ws/src/turtlebot3_line_follower': PYTHONPATH=/home/roboticsinnovatorytim/isaac_tutorial/examples/sim/IsaacSim-ros_workspaces/humble_ws/build/turtlebot3_line_follower/prefix_override:/usr/lib/python3/dist-packages/colcon_core/task/python/colcon_distutils_commands:/home/roboticsinnovatorytim/isaac_tutorial/examples/sim/IsaacSim-ros_workspaces/humble_ws/install/turtlebot3_line_follower/lib/python3.10/site-packages:${PYTHONPATH} /usr/bin/python3 -W ignore:setup.py install is deprecated setup.py egg_info --egg-base ../../build/turtlebot3_line_follower build --build-base /home/roboticsinnovatorytim/isaac_tutorial/examples/sim/IsaacSim-ros_workspaces/humble_ws/build/turtlebot3_line_follower/build install --record /home/roboticsinnovatorytim/isaac_tutorial/examples/sim/IsaacSim-ros_workspaces/humble_ws/build/turtlebot3_line_follower/install.log --single-version-externally-managed install_data
[1.226s] running egg_info
[1.227s] writing ../../build/turtlebot3_line_follower/turtlebot3_line_follower.egg-info/PKG-INFO
[1.227s] writing dependency_links to ../../build/turtlebot3_line_follower/turtlebot3_line_follower.egg-info/dependency_links.txt
[1.227s] writing entry points to ../../build/turtlebot3_line_follower/turtlebot3_line_follower.egg-info/entry_points.txt
[1.227s] writing requirements to ../../build/turtlebot3_line_follower/turtlebot3_line_follower.egg-info/requires.txt
[1.227s] writing top-level names to ../../build/turtlebot3_line_follower/turtlebot3_line_follower.egg-info/top_level.txt
[1.228s] reading manifest file '../../build/turtlebot3_line_follower/turtlebot3_line_follower.egg-info/SOURCES.txt'
[1.229s] writing manifest file '../../build/turtlebot3_line_follower/turtlebot3_line_follower.egg-info/SOURCES.txt'
[1.229s] running build
[1.229s] running build_py
[1.229s] running install
[1.229s] running install_lib
[1.230s] running install_data
[1.230s] running install_egg_info
[1.231s] removing '/home/roboticsinnovatorytim/isaac_tutorial/examples/sim/IsaacSim-ros_workspaces/humble_ws/install/turtlebot3_line_follower/lib/python3.10/site-packages/turtlebot3_line_follower-0.0.0-py3.10.egg-info' (and everything under it)
[1.232s] Copying ../../build/turtlebot3_line_follower/turtlebot3_line_follower.egg-info to /home/roboticsinnovatorytim/isaac_tutorial/examples/sim/IsaacSim-ros_workspaces/humble_ws/install/turtlebot3_line_follower/lib/python3.10/site-packages/turtlebot3_line_follower-0.0.0-py3.10.egg-info
[1.232s] running install_scripts
[1.247s] Installing follower_node script to /home/roboticsinnovatorytim/isaac_tutorial/examples/sim/IsaacSim-ros_workspaces/humble_ws/install/turtlebot3_line_follower/lib/turtlebot3_line_follower
[1.247s] Installing test_node script to /home/roboticsinnovatorytim/isaac_tutorial/examples/sim/IsaacSim-ros_workspaces/humble_ws/install/turtlebot3_line_follower/lib/turtlebot3_line_follower
[1.247s] writing list of installed files to '/home/roboticsinnovatorytim/isaac_tutorial/examples/sim/IsaacSim-ros_workspaces/humble_ws/build/turtlebot3_line_follower/install.log'
[1.270s] Invoked command in '/home/roboticsinnovatorytim/isaac_tutorial/examples/sim/IsaacSim-ros_workspaces/humble_ws/src/turtlebot3_line_follower' returned '0': PYTHONPATH=/home/roboticsinnovatorytim/isaac_tutorial/examples/sim/IsaacSim-ros_workspaces/humble_ws/build/turtlebot3_line_follower/prefix_override:/usr/lib/python3/dist-packages/colcon_core/task/python/colcon_distutils_commands:/home/roboticsinnovatorytim/isaac_tutorial/examples/sim/IsaacSim-ros_workspaces/humble_ws/install/turtlebot3_line_follower/lib/python3.10/site-packages:${PYTHONPATH} /usr/bin/python3 -W ignore:setup.py install is deprecated setup.py egg_info --egg-base ../../build/turtlebot3_line_follower build --build-base /home/roboticsinnovatorytim/isaac_tutorial/examples/sim/IsaacSim-ros_workspaces/humble_ws/build/turtlebot3_line_follower/build install --record /home/roboticsinnovatorytim/isaac_tutorial/examples/sim/IsaacSim-ros_workspaces/humble_ws/build/turtlebot3_line_follower/install.log --single-version-externally-managed install_data
