[1.207s] Invoking command in '/home/roboticsinnovatorytim/isaac_tutorial/examples/sim/IsaacSim-ros_workspaces/humble_ws/build/turtlebot3_line_follower': PYTHONPATH=/home/roboticsinnovatorytim/isaac_tutorial/examples/sim/IsaacSim-ros_workspaces/humble_ws/build/turtlebot3_line_follower/prefix_override:/usr/lib/python3/dist-packages/colcon_core/task/python/colcon_distutils_commands:/home/roboticsinnovatorytim/isaac_tutorial/examples/sim/IsaacSim-ros_workspaces/humble_ws/install/turtlebot3_line_follower/lib/python3.10/site-packages:${PYTHONPATH} /usr/bin/python3 -W ignore:setup.py install is deprecated setup.py develop --editable --build-directory /home/roboticsinnovatorytim/isaac_tutorial/examples/sim/IsaacSim-ros_workspaces/humble_ws/build/turtlebot3_line_follower/build --no-deps symlink_data
[1.484s] running develop
[1.659s] running egg_info
[1.659s] creating turtlebot3_line_follower.egg-info
[1.659s] writing turtlebot3_line_follower.egg-info/PKG-INFO
[1.659s] writing dependency_links to turtlebot3_line_follower.egg-info/dependency_links.txt
[1.660s] writing entry points to turtlebot3_line_follower.egg-info/entry_points.txt
[1.660s] writing requirements to turtlebot3_line_follower.egg-info/requires.txt
[1.660s] writing top-level names to turtlebot3_line_follower.egg-info/top_level.txt
[1.660s] writing manifest file 'turtlebot3_line_follower.egg-info/SOURCES.txt'
[1.662s] reading manifest file 'turtlebot3_line_follower.egg-info/SOURCES.txt'
[1.662s] writing manifest file 'turtlebot3_line_follower.egg-info/SOURCES.txt'
[1.664s] running build_ext
[1.664s] Creating /home/roboticsinnovatorytim/isaac_tutorial/examples/sim/IsaacSim-ros_workspaces/humble_ws/install/turtlebot3_line_follower/lib/python3.10/site-packages/turtlebot3-line-follower.egg-link (link to .)
[1.664s] Installing follower_node script to /home/roboticsinnovatorytim/isaac_tutorial/examples/sim/IsaacSim-ros_workspaces/humble_ws/install/turtlebot3_line_follower/lib/turtlebot3_line_follower
[1.665s] Installing test_node script to /home/roboticsinnovatorytim/isaac_tutorial/examples/sim/IsaacSim-ros_workspaces/humble_ws/install/turtlebot3_line_follower/lib/turtlebot3_line_follower
[1.665s] 
[1.665s] Installed /home/roboticsinnovatorytim/isaac_tutorial/examples/sim/IsaacSim-ros_workspaces/humble_ws/build/turtlebot3_line_follower
[1.665s] running symlink_data
[1.665s] creating /home/roboticsinnovatorytim/isaac_tutorial/examples/sim/IsaacSim-ros_workspaces/humble_ws/install/turtlebot3_line_follower/share/ament_index
[1.665s] creating /home/roboticsinnovatorytim/isaac_tutorial/examples/sim/IsaacSim-ros_workspaces/humble_ws/install/turtlebot3_line_follower/share/ament_index/resource_index
[1.665s] creating /home/roboticsinnovatorytim/isaac_tutorial/examples/sim/IsaacSim-ros_workspaces/humble_ws/install/turtlebot3_line_follower/share/ament_index/resource_index/packages
[1.665s] symbolically linking /home/roboticsinnovatorytim/isaac_tutorial/examples/sim/IsaacSim-ros_workspaces/humble_ws/build/turtlebot3_line_follower/resource/turtlebot3_line_follower -> /home/roboticsinnovatorytim/isaac_tutorial/examples/sim/IsaacSim-ros_workspaces/humble_ws/install/turtlebot3_line_follower/share/ament_index/resource_index/packages
[1.665s] symbolically linking /home/roboticsinnovatorytim/isaac_tutorial/examples/sim/IsaacSim-ros_workspaces/humble_ws/build/turtlebot3_line_follower/package.xml -> /home/roboticsinnovatorytim/isaac_tutorial/examples/sim/IsaacSim-ros_workspaces/humble_ws/install/turtlebot3_line_follower/share/turtlebot3_line_follower
[1.665s] creating /home/roboticsinnovatorytim/isaac_tutorial/examples/sim/IsaacSim-ros_workspaces/humble_ws/install/turtlebot3_line_follower/share/turtlebot3_line_follower/launch
[1.666s] creating /home/roboticsinnovatorytim/isaac_tutorial/examples/sim/IsaacSim-ros_workspaces/humble_ws/install/turtlebot3_line_follower/share/turtlebot3_line_follower/assets
[1.701s] Invoked command in '/home/roboticsinnovatorytim/isaac_tutorial/examples/sim/IsaacSim-ros_workspaces/humble_ws/build/turtlebot3_line_follower' returned '0': PYTHONPATH=/home/roboticsinnovatorytim/isaac_tutorial/examples/sim/IsaacSim-ros_workspaces/humble_ws/build/turtlebot3_line_follower/prefix_override:/usr/lib/python3/dist-packages/colcon_core/task/python/colcon_distutils_commands:/home/roboticsinnovatorytim/isaac_tutorial/examples/sim/IsaacSim-ros_workspaces/humble_ws/install/turtlebot3_line_follower/lib/python3.10/site-packages:${PYTHONPATH} /usr/bin/python3 -W ignore:setup.py install is deprecated setup.py develop --editable --build-directory /home/roboticsinnovatorytim/isaac_tutorial/examples/sim/IsaacSim-ros_workspaces/humble_ws/build/turtlebot3_line_follower/build --no-deps symlink_data
