running egg_info
writing ../../build/turtlebot3_line_follower/turtlebot3_line_follower.egg-info/PKG-INFO
writing dependency_links to ../../build/turtlebot3_line_follower/turtlebot3_line_follower.egg-info/dependency_links.txt
writing entry points to ../../build/turtlebot3_line_follower/turtlebot3_line_follower.egg-info/entry_points.txt
writing requirements to ../../build/turtlebot3_line_follower/turtlebot3_line_follower.egg-info/requires.txt
writing top-level names to ../../build/turtlebot3_line_follower/turtlebot3_line_follower.egg-info/top_level.txt
reading manifest file '../../build/turtlebot3_line_follower/turtlebot3_line_follower.egg-info/SOURCES.txt'
writing manifest file '../../build/turtlebot3_line_follower/turtlebot3_line_follower.egg-info/SOURCES.txt'
running build
running build_py
running install
running install_lib
running install_data
running install_egg_info
removing '/home/roboticsinnovatorytim/isaac_tutorial/examples/sim/IsaacSim-ros_workspaces/humble_ws/install/turtlebot3_line_follower/lib/python3.10/site-packages/turtlebot3_line_follower-0.0.0-py3.10.egg-info' (and everything under it)
Copying ../../build/turtlebot3_line_follower/turtlebot3_line_follower.egg-info to /home/roboticsinnovatorytim/isaac_tutorial/examples/sim/IsaacSim-ros_workspaces/humble_ws/install/turtlebot3_line_follower/lib/python3.10/site-packages/turtlebot3_line_follower-0.0.0-py3.10.egg-info
running install_scripts
Installing follower_node script to /home/roboticsinnovatorytim/isaac_tutorial/examples/sim/IsaacSim-ros_workspaces/humble_ws/install/turtlebot3_line_follower/lib/turtlebot3_line_follower
Installing test_node script to /home/roboticsinnovatorytim/isaac_tutorial/examples/sim/IsaacSim-ros_workspaces/humble_ws/install/turtlebot3_line_follower/lib/turtlebot3_line_follower
writing list of installed files to '/home/roboticsinnovatorytim/isaac_tutorial/examples/sim/IsaacSim-ros_workspaces/humble_ws/build/turtlebot3_line_follower/install.log'
