running develop
Removing /home/roboticsinnovatorytim/isaac_tutorial/examples/sim/IsaacSim-ros_workspaces/humble_ws/install/turtlebot3_line_follower/lib/python3.10/site-packages/turtlebot3-line-follower.egg-link (link to .)
running egg_info
writing ../../build/turtlebot3_line_follower/turtlebot3_line_follower.egg-info/PKG-INFO
writing dependency_links to ../../build/turtlebot3_line_follower/turtlebot3_line_follower.egg-info/dependency_links.txt
writing entry points to ../../build/turtlebot3_line_follower/turtlebot3_line_follower.egg-info/entry_points.txt
writing requirements to ../../build/turtlebot3_line_follower/turtlebot3_line_follower.egg-info/requires.txt
writing top-level names to ../../build/turtlebot3_line_follower/turtlebot3_line_follower.egg-info/top_level.txt
reading manifest file '../../build/turtlebot3_line_follower/turtlebot3_line_follower.egg-info/SOURCES.txt'
writing manifest file '../../build/turtlebot3_line_follower/turtlebot3_line_follower.egg-info/SOURCES.txt'
running build
running build_py
creating /home/roboticsinnovatorytim/isaac_tutorial/examples/sim/IsaacSim-ros_workspaces/humble_ws/build/turtlebot3_line_follower/build
creating /home/roboticsinnovatorytim/isaac_tutorial/examples/sim/IsaacSim-ros_workspaces/humble_ws/build/turtlebot3_line_follower/build/lib
creating /home/roboticsinnovatorytim/isaac_tutorial/examples/sim/IsaacSim-ros_workspaces/humble_ws/build/turtlebot3_line_follower/build/lib/turtlebot3_line_follower
copying turtlebot3_line_follower/test_topic.py -> /home/roboticsinnovatorytim/isaac_tutorial/examples/sim/IsaacSim-ros_workspaces/humble_ws/build/turtlebot3_line_follower/build/lib/turtlebot3_line_follower
copying turtlebot3_line_follower/follower_node.py -> /home/roboticsinnovatorytim/isaac_tutorial/examples/sim/IsaacSim-ros_workspaces/humble_ws/build/turtlebot3_line_follower/build/lib/turtlebot3_line_follower
copying turtlebot3_line_follower/__init__.py -> /home/roboticsinnovatorytim/isaac_tutorial/examples/sim/IsaacSim-ros_workspaces/humble_ws/build/turtlebot3_line_follower/build/lib/turtlebot3_line_follower
running install
running install_lib
creating /home/roboticsinnovatorytim/isaac_tutorial/examples/sim/IsaacSim-ros_workspaces/humble_ws/install/turtlebot3_line_follower/lib/python3.10/site-packages/turtlebot3_line_follower
copying /home/roboticsinnovatorytim/isaac_tutorial/examples/sim/IsaacSim-ros_workspaces/humble_ws/build/turtlebot3_line_follower/build/lib/turtlebot3_line_follower/test_topic.py -> /home/roboticsinnovatorytim/isaac_tutorial/examples/sim/IsaacSim-ros_workspaces/humble_ws/install/turtlebot3_line_follower/lib/python3.10/site-packages/turtlebot3_line_follower
copying /home/roboticsinnovatorytim/isaac_tutorial/examples/sim/IsaacSim-ros_workspaces/humble_ws/build/turtlebot3_line_follower/build/lib/turtlebot3_line_follower/follower_node.py -> /home/roboticsinnovatorytim/isaac_tutorial/examples/sim/IsaacSim-ros_workspaces/humble_ws/install/turtlebot3_line_follower/lib/python3.10/site-packages/turtlebot3_line_follower
copying /home/roboticsinnovatorytim/isaac_tutorial/examples/sim/IsaacSim-ros_workspaces/humble_ws/build/turtlebot3_line_follower/build/lib/turtlebot3_line_follower/__init__.py -> /home/roboticsinnovatorytim/isaac_tutorial/examples/sim/IsaacSim-ros_workspaces/humble_ws/install/turtlebot3_line_follower/lib/python3.10/site-packages/turtlebot3_line_follower
byte-compiling /home/roboticsinnovatorytim/isaac_tutorial/examples/sim/IsaacSim-ros_workspaces/humble_ws/install/turtlebot3_line_follower/lib/python3.10/site-packages/turtlebot3_line_follower/test_topic.py to test_topic.cpython-310.pyc
byte-compiling /home/roboticsinnovatorytim/isaac_tutorial/examples/sim/IsaacSim-ros_workspaces/humble_ws/install/turtlebot3_line_follower/lib/python3.10/site-packages/turtlebot3_line_follower/follower_node.py to follower_node.cpython-310.pyc
byte-compiling /home/roboticsinnovatorytim/isaac_tutorial/examples/sim/IsaacSim-ros_workspaces/humble_ws/install/turtlebot3_line_follower/lib/python3.10/site-packages/turtlebot3_line_follower/__init__.py to __init__.cpython-310.pyc
running install_data
copying resource/turtlebot3_line_follower -> /home/roboticsinnovatorytim/isaac_tutorial/examples/sim/IsaacSim-ros_workspaces/humble_ws/install/turtlebot3_line_follower/share/ament_index/resource_index/packages
copying package.xml -> /home/roboticsinnovatorytim/isaac_tutorial/examples/sim/IsaacSim-ros_workspaces/humble_ws/install/turtlebot3_line_follower/share/turtlebot3_line_follower
running install_egg_info
Copying ../../build/turtlebot3_line_follower/turtlebot3_line_follower.egg-info to /home/roboticsinnovatorytim/isaac_tutorial/examples/sim/IsaacSim-ros_workspaces/humble_ws/install/turtlebot3_line_follower/lib/python3.10/site-packages/turtlebot3_line_follower-0.0.0-py3.10.egg-info
running install_scripts
Installing follower_node script to /home/roboticsinnovatorytim/isaac_tutorial/examples/sim/IsaacSim-ros_workspaces/humble_ws/install/turtlebot3_line_follower/lib/turtlebot3_line_follower
Installing test_node script to /home/roboticsinnovatorytim/isaac_tutorial/examples/sim/IsaacSim-ros_workspaces/humble_ws/install/turtlebot3_line_follower/lib/turtlebot3_line_follower
writing list of installed files to '/home/roboticsinnovatorytim/isaac_tutorial/examples/sim/IsaacSim-ros_workspaces/humble_ws/build/turtlebot3_line_follower/install.log'
