[1.290s] Invoking command in '/home/roboticsinnovatorytim/isaac_tutorial/examples/sim/IsaacSim-ros_workspaces/humble_ws/build/turtlebot3_line_follower': PYTHONPATH=/home/roboticsinnovatorytim/isaac_tutorial/examples/sim/IsaacSim-ros_workspaces/humble_ws/build/turtlebot3_line_follower/prefix_override:/usr/lib/python3/dist-packages/colcon_core/task/python/colcon_distutils_commands:/home/roboticsinnovatorytim/isaac_tutorial/examples/sim/IsaacSim-ros_workspaces/humble_ws/install/turtlebot3_line_follower/lib/python3.10/site-packages:${PYTHONPATH} /usr/bin/python3 -W ignore:setup.py install is deprecated setup.py develop --uninstall --editable --build-directory /home/roboticsinnovatorytim/isaac_tutorial/examples/sim/IsaacSim-ros_workspaces/humble_ws/build/turtlebot3_line_follower/build
[1.583s] running develop
[1.816s] Removing /home/roboticsinnovatorytim/isaac_tutorial/examples/sim/IsaacSim-ros_workspaces/humble_ws/install/turtlebot3_line_follower/lib/python3.10/site-packages/turtlebot3-line-follower.egg-link (link to .)
[1.843s] Invoked command in '/home/roboticsinnovatorytim/isaac_tutorial/examples/sim/IsaacSim-ros_workspaces/humble_ws/build/turtlebot3_line_follower' returned '0': PYTHONPATH=/home/roboticsinnovatorytim/isaac_tutorial/examples/sim/IsaacSim-ros_workspaces/humble_ws/build/turtlebot3_line_follower/prefix_override:/usr/lib/python3/dist-packages/colcon_core/task/python/colcon_distutils_commands:/home/roboticsinnovatorytim/isaac_tutorial/examples/sim/IsaacSim-ros_workspaces/humble_ws/install/turtlebot3_line_follower/lib/python3.10/site-packages:${PYTHONPATH} /usr/bin/python3 -W ignore:setup.py install is deprecated setup.py develop --uninstall --editable --build-directory /home/roboticsinnovatorytim/isaac_tutorial/examples/sim/IsaacSim-ros_workspaces/humble_ws/build/turtlebot3_line_follower/build
[1.844s] Invoking command in '/home/roboticsinnovatorytim/isaac_tutorial/examples/sim/IsaacSim-ros_workspaces/humble_ws/src/turtlebot3_line_follower': PYTHONPATH=/home/roboticsinnovatorytim/isaac_tutorial/examples/sim/IsaacSim-ros_workspaces/humble_ws/build/turtlebot3_line_follower/prefix_override:/usr/lib/python3/dist-packages/colcon_core/task/python/colcon_distutils_commands:/home/roboticsinnovatorytim/isaac_tutorial/examples/sim/IsaacSim-ros_workspaces/humble_ws/install/turtlebot3_line_follower/lib/python3.10/site-packages:${PYTHONPATH} /usr/bin/python3 -W ignore:setup.py install is deprecated setup.py egg_info --egg-base ../../build/turtlebot3_line_follower build --build-base /home/roboticsinnovatorytim/isaac_tutorial/examples/sim/IsaacSim-ros_workspaces/humble_ws/build/turtlebot3_line_follower/build install --record /home/roboticsinnovatorytim/isaac_tutorial/examples/sim/IsaacSim-ros_workspaces/humble_ws/build/turtlebot3_line_follower/install.log --single-version-externally-managed install_data --force
[2.132s] running egg_info
[2.132s] writing ../../build/turtlebot3_line_follower/turtlebot3_line_follower.egg-info/PKG-INFO
[2.133s] writing dependency_links to ../../build/turtlebot3_line_follower/turtlebot3_line_follower.egg-info/dependency_links.txt
[2.133s] writing entry points to ../../build/turtlebot3_line_follower/turtlebot3_line_follower.egg-info/entry_points.txt
[2.133s] writing requirements to ../../build/turtlebot3_line_follower/turtlebot3_line_follower.egg-info/requires.txt
[2.133s] writing top-level names to ../../build/turtlebot3_line_follower/turtlebot3_line_follower.egg-info/top_level.txt
[2.135s] reading manifest file '../../build/turtlebot3_line_follower/turtlebot3_line_follower.egg-info/SOURCES.txt'
[2.136s] writing manifest file '../../build/turtlebot3_line_follower/turtlebot3_line_follower.egg-info/SOURCES.txt'
[2.136s] running build
[2.136s] running build_py
[2.136s] creating /home/roboticsinnovatorytim/isaac_tutorial/examples/sim/IsaacSim-ros_workspaces/humble_ws/build/turtlebot3_line_follower/build
[2.136s] creating /home/roboticsinnovatorytim/isaac_tutorial/examples/sim/IsaacSim-ros_workspaces/humble_ws/build/turtlebot3_line_follower/build/lib
[2.136s] creating /home/roboticsinnovatorytim/isaac_tutorial/examples/sim/IsaacSim-ros_workspaces/humble_ws/build/turtlebot3_line_follower/build/lib/turtlebot3_line_follower
[2.136s] copying turtlebot3_line_follower/test_topic.py -> /home/roboticsinnovatorytim/isaac_tutorial/examples/sim/IsaacSim-ros_workspaces/humble_ws/build/turtlebot3_line_follower/build/lib/turtlebot3_line_follower
[2.136s] copying turtlebot3_line_follower/follower_node.py -> /home/roboticsinnovatorytim/isaac_tutorial/examples/sim/IsaacSim-ros_workspaces/humble_ws/build/turtlebot3_line_follower/build/lib/turtlebot3_line_follower
[2.137s] copying turtlebot3_line_follower/__init__.py -> /home/roboticsinnovatorytim/isaac_tutorial/examples/sim/IsaacSim-ros_workspaces/humble_ws/build/turtlebot3_line_follower/build/lib/turtlebot3_line_follower
[2.137s] running install
[2.137s] running install_lib
[2.138s] creating /home/roboticsinnovatorytim/isaac_tutorial/examples/sim/IsaacSim-ros_workspaces/humble_ws/install/turtlebot3_line_follower/lib/python3.10/site-packages/turtlebot3_line_follower
[2.138s] copying /home/roboticsinnovatorytim/isaac_tutorial/examples/sim/IsaacSim-ros_workspaces/humble_ws/build/turtlebot3_line_follower/build/lib/turtlebot3_line_follower/test_topic.py -> /home/roboticsinnovatorytim/isaac_tutorial/examples/sim/IsaacSim-ros_workspaces/humble_ws/install/turtlebot3_line_follower/lib/python3.10/site-packages/turtlebot3_line_follower
[2.138s] copying /home/roboticsinnovatorytim/isaac_tutorial/examples/sim/IsaacSim-ros_workspaces/humble_ws/build/turtlebot3_line_follower/build/lib/turtlebot3_line_follower/follower_node.py -> /home/roboticsinnovatorytim/isaac_tutorial/examples/sim/IsaacSim-ros_workspaces/humble_ws/install/turtlebot3_line_follower/lib/python3.10/site-packages/turtlebot3_line_follower
[2.138s] copying /home/roboticsinnovatorytim/isaac_tutorial/examples/sim/IsaacSim-ros_workspaces/humble_ws/build/turtlebot3_line_follower/build/lib/turtlebot3_line_follower/__init__.py -> /home/roboticsinnovatorytim/isaac_tutorial/examples/sim/IsaacSim-ros_workspaces/humble_ws/install/turtlebot3_line_follower/lib/python3.10/site-packages/turtlebot3_line_follower
[2.139s] byte-compiling /home/roboticsinnovatorytim/isaac_tutorial/examples/sim/IsaacSim-ros_workspaces/humble_ws/install/turtlebot3_line_follower/lib/python3.10/site-packages/turtlebot3_line_follower/test_topic.py to test_topic.cpython-310.pyc
[2.139s] byte-compiling /home/roboticsinnovatorytim/isaac_tutorial/examples/sim/IsaacSim-ros_workspaces/humble_ws/install/turtlebot3_line_follower/lib/python3.10/site-packages/turtlebot3_line_follower/follower_node.py to follower_node.cpython-310.pyc
[2.140s] byte-compiling /home/roboticsinnovatorytim/isaac_tutorial/examples/sim/IsaacSim-ros_workspaces/humble_ws/install/turtlebot3_line_follower/lib/python3.10/site-packages/turtlebot3_line_follower/__init__.py to __init__.cpython-310.pyc
[2.141s] running install_data
[2.141s] copying resource/turtlebot3_line_follower -> /home/roboticsinnovatorytim/isaac_tutorial/examples/sim/IsaacSim-ros_workspaces/humble_ws/install/turtlebot3_line_follower/share/ament_index/resource_index/packages
[2.141s] copying package.xml -> /home/roboticsinnovatorytim/isaac_tutorial/examples/sim/IsaacSim-ros_workspaces/humble_ws/install/turtlebot3_line_follower/share/turtlebot3_line_follower
[2.141s] running install_egg_info
[2.143s] Copying ../../build/turtlebot3_line_follower/turtlebot3_line_follower.egg-info to /home/roboticsinnovatorytim/isaac_tutorial/examples/sim/IsaacSim-ros_workspaces/humble_ws/install/turtlebot3_line_follower/lib/python3.10/site-packages/turtlebot3_line_follower-0.0.0-py3.10.egg-info
[2.144s] running install_scripts
[2.166s] Installing follower_node script to /home/roboticsinnovatorytim/isaac_tutorial/examples/sim/IsaacSim-ros_workspaces/humble_ws/install/turtlebot3_line_follower/lib/turtlebot3_line_follower
[2.166s] Installing test_node script to /home/roboticsinnovatorytim/isaac_tutorial/examples/sim/IsaacSim-ros_workspaces/humble_ws/install/turtlebot3_line_follower/lib/turtlebot3_line_follower
[2.166s] writing list of installed files to '/home/roboticsinnovatorytim/isaac_tutorial/examples/sim/IsaacSim-ros_workspaces/humble_ws/build/turtlebot3_line_follower/install.log'
[2.190s] Invoked command in '/home/roboticsinnovatorytim/isaac_tutorial/examples/sim/IsaacSim-ros_workspaces/humble_ws/src/turtlebot3_line_follower' returned '0': PYTHONPATH=/home/roboticsinnovatorytim/isaac_tutorial/examples/sim/IsaacSim-ros_workspaces/humble_ws/build/turtlebot3_line_follower/prefix_override:/usr/lib/python3/dist-packages/colcon_core/task/python/colcon_distutils_commands:/home/roboticsinnovatorytim/isaac_tutorial/examples/sim/IsaacSim-ros_workspaces/humble_ws/install/turtlebot3_line_follower/lib/python3.10/site-packages:${PYTHONPATH} /usr/bin/python3 -W ignore:setup.py install is deprecated setup.py egg_info --egg-base ../../build/turtlebot3_line_follower build --build-base /home/roboticsinnovatorytim/isaac_tutorial/examples/sim/IsaacSim-ros_workspaces/humble_ws/build/turtlebot3_line_follower/build install --record /home/roboticsinnovatorytim/isaac_tutorial/examples/sim/IsaacSim-ros_workspaces/humble_ws/build/turtlebot3_line_follower/install.log --single-version-externally-managed install_data --force
